<?xml version="1.0" encoding="UTF-8"?>
<!-- Generated by org.testng.reporters.JUnitReportReporter -->
<testsuite hostname="BOOK-N57JVKH6HJ" failures="0" tests="1" name="it.leonardo.lez04_blog.AppTest" time="0.004" errors="0" timestamp="2025-06-10T12:08:16 CEST" skipped="0">
  <testcase classname="it.leonardo.lez04_blog.AppTest" name="testApp" time="0.004"/>
</testsuite> <!-- it.leonardo.lez04_blog.AppTest -->
